<?xml version="1.0" encoding="UTF-8"?>
<!-- Generated by org.testng.reporters.JUnitReportReporter -->
<testsuite hostname="DESKTOP-AIGVO6J" failures="0" tests="3" name="testNGpack.Demo" time="0.010" errors="0" timestamp="2023-03-26T12:04:23 IST" skipped="0">
  <testcase classname="testNGpack.Demo" name="f" time="0.006"/>
  <system-out>
    <![CDATA[Sunday!!!]]>
  </system-out>
  <testcase classname="testNGpack.Demo" name="m2" time="0.001"/>
  <system-out>
    <![CDATA[method name is m2]]>
  </system-out>
  <testcase classname="testNGpack.Demo" name="m1" time="0.003"/>
  <system-out>
    <![CDATA[method name is m1]]>
  </system-out>
</testsuite> <!-- testNGpack.Demo -->
